<?xml version="1.0" encoding="UTF-8"?>
<testsuite name="com.minwoo.book.springboot.web.IndexControllerTest" tests="1" skipped="0" failures="0" errors="0" timestamp="2023-02-28T18:53:33" hostname="DESKTOP-J06K6V1" time="0.107">
  <properties/>
  <testcase name="메인페이지_로딩" classname="com.minwoo.book.springboot.web.IndexControllerTest" time="0.107"/>
  <system-out><![CDATA[2023-03-01 03:53:33.176  INFO 2000 --- [    Test worker] .b.t.c.SpringBootTestContextBootstrapper : Neither @ContextConfiguration nor @ContextHierarchy found for test class [com.minwoo.book.springboot.web.IndexControllerTest], using SpringBootContextLoader
2023-03-01 03:53:33.176  INFO 2000 --- [    Test worker] o.s.t.c.support.AbstractContextLoader    : Could not detect default resource locations for test class [com.minwoo.book.springboot.web.IndexControllerTest]: no resource found for suffixes {-context.xml, Context.groovy}.
2023-03-01 03:53:33.176  INFO 2000 --- [    Test worker] t.c.s.AnnotationConfigContextLoaderUtils : Could not detect default configuration classes for test class [com.minwoo.book.springboot.web.IndexControllerTest]: IndexControllerTest does not declare any static, non-private, non-final, nested classes annotated with @Configuration.
2023-03-01 03:53:33.177  INFO 2000 --- [    Test worker] .b.t.c.SpringBootTestContextBootstrapper : Found @SpringBootConfiguration com.minwoo.book.springboot.Application for test class com.minwoo.book.springboot.web.IndexControllerTest
2023-03-01 03:53:33.178  INFO 2000 --- [    Test worker] .b.t.c.SpringBootTestContextBootstrapper : Loaded default TestExecutionListener class names from location [META-INF/spring.factories]: [org.springframework.security.test.context.support.WithSecurityContextTestExecutionListener, org.springframework.security.test.context.support.ReactorContextTestExecutionListener, org.springframework.boot.test.autoconfigure.restdocs.RestDocsTestExecutionListener, org.springframework.boot.test.autoconfigure.web.client.MockRestServiceServerResetTestExecutionListener, org.springframework.boot.test.autoconfigure.web.servlet.MockMvcPrintOnlyOnFailureTestExecutionListener, org.springframework.boot.test.autoconfigure.web.servlet.WebDriverTestExecutionListener, org.springframework.boot.test.mock.mockito.MockitoTestExecutionListener, org.springframework.boot.test.mock.mockito.ResetMocksTestExecutionListener, org.springframework.test.context.web.ServletTestExecutionListener, org.springframework.test.context.support.DirtiesContextBeforeModesTestExecutionListener, org.springframework.test.context.support.DependencyInjectionTestExecutionListener, org.springframework.test.context.support.DirtiesContextTestExecutionListener, org.springframework.test.context.transaction.TransactionalTestExecutionListener, org.springframework.test.context.jdbc.SqlScriptsTestExecutionListener]
2023-03-01 03:53:33.179  INFO 2000 --- [    Test worker] .b.t.c.SpringBootTestContextBootstrapper : Using TestExecutionListeners: [org.springframework.test.context.web.ServletTestExecutionListener@7f96a401, org.springframework.test.context.support.DirtiesContextBeforeModesTestExecutionListener@40036c12, org.springframework.boot.test.mock.mockito.MockitoTestExecutionListener@1e7af6ed, org.springframework.boot.test.autoconfigure.SpringBootDependencyInjectionTestExecutionListener@35b3d3cc, org.springframework.test.context.support.DirtiesContextTestExecutionListener@7f4fcfd7, org.springframework.test.context.transaction.TransactionalTestExecutionListener@24775fd0, org.springframework.test.context.jdbc.SqlScriptsTestExecutionListener@6d73082d, org.springframework.security.test.context.support.WithSecurityContextTestExecutionListener@46f58bfc, org.springframework.security.test.context.support.ReactorContextTestExecutionListener@47c5c582, org.springframework.boot.test.autoconfigure.restdocs.RestDocsTestExecutionListener@59d29b75, org.springframework.boot.test.autoconfigure.web.client.MockRestServiceServerResetTestExecutionListener@2c95d202, org.springframework.boot.test.autoconfigure.web.servlet.MockMvcPrintOnlyOnFailureTestExecutionListener@46d50607, org.springframework.boot.test.autoconfigure.web.servlet.WebDriverTestExecutionListener@2f55328a, org.springframework.boot.test.mock.mockito.ResetMocksTestExecutionListener@62110d26]
2023-03-01 03:53:33.240  INFO 2000 --- [o-auto-1-exec-1] o.a.c.c.C.[Tomcat].[localhost].[/]       : Initializing Spring DispatcherServlet 'dispatcherServlet'
2023-03-01 03:53:33.240  INFO 2000 --- [o-auto-1-exec-1] o.s.web.servlet.DispatcherServlet        : Initializing Servlet 'dispatcherServlet'
2023-03-01 03:53:33.242  INFO 2000 --- [o-auto-1-exec-1] o.s.web.servlet.DispatcherServlet        : Completed initialization in 2 ms
Hibernate: select posts0_.id as id1_0_, posts0_.created_date as created_2_0_, posts0_.modified_date as modified3_0_, posts0_.author as author4_0_, posts0_.content as content5_0_, posts0_.title as title6_0_ from posts posts0_ order by posts0_.id DESC
]]></system-out>
  <system-err><![CDATA[]]></system-err>
</testsuite>
